Determining if the pthread_create exist failed with the following output:
Change Dir: /home/workspace/CarND-Capstone/ros/build/CMakeFiles/CMakeTmp

Run Build Command:"/usr/bin/make" "cmTC_1664a/fast"
/usr/bin/make -f CMakeFiles/cmTC_1664a.dir/build.make CMakeFiles/cmTC_1664a.dir/build
make[1]: Entering directory '/home/workspace/CarND-Capstone/ros/build/CMakeFiles/CMakeTmp'
Building C object CMakeFiles/cmTC_1664a.dir/CheckSymbolExists.c.o
/usr/bin/cc    -o CMakeFiles/cmTC_1664a.dir/CheckSymbolExists.c.o   -c /home/workspace/CarND-Capstone/ros/build/CMakeFiles/CMakeTmp/CheckSymbolExists.c
Linking C executable cmTC_1664a
/usr/local/bin/cmake -E cmake_link_script CMakeFiles/cmTC_1664a.dir/link.txt --verbose=1
/usr/bin/cc      -rdynamic CMakeFiles/cmTC_1664a.dir/CheckSymbolExists.c.o  -o cmTC_1664a 
CMakeFiles/cmTC_1664a.dir/CheckSymbolExists.c.o: In function `main':
CheckSymbolExists.c:(.text+0x16): undefined reference to `pthread_create'
collect2: error: ld returned 1 exit status
CMakeFiles/cmTC_1664a.dir/build.make:86: recipe for target 'cmTC_1664a' failed
make[1]: *** [cmTC_1664a] Error 1
make[1]: Leaving directory '/home/workspace/CarND-Capstone/ros/build/CMakeFiles/CMakeTmp'
Makefile:121: recipe for target 'cmTC_1664a/fast' failed
make: *** [cmTC_1664a/fast] Error 2

File /home/workspace/CarND-Capstone/ros/build/CMakeFiles/CMakeTmp/CheckSymbolExists.c:
/* */
#include <pthread.h>

int main(int argc, char** argv)
{
  (void)argv;
#ifndef pthread_create
  return ((int*)(&pthread_create))[argc];
#else
  (void)argc;
  return 0;
#endif
}

Determining if the function pthread_create exists in the pthreads failed with the following output:
Change Dir: /home/workspace/CarND-Capstone/ros/build/CMakeFiles/CMakeTmp

Run Build Command:"/usr/bin/make" "cmTC_155fe/fast"
/usr/bin/make -f CMakeFiles/cmTC_155fe.dir/build.make CMakeFiles/cmTC_155fe.dir/build
make[1]: Entering directory '/home/workspace/CarND-Capstone/ros/build/CMakeFiles/CMakeTmp'
Building C object CMakeFiles/cmTC_155fe.dir/CheckFunctionExists.c.o
/usr/bin/cc   -DCHECK_FUNCTION_EXISTS=pthread_create   -o CMakeFiles/cmTC_155fe.dir/CheckFunctionExists.c.o   -c /usr/local/share/cmake-3.13/Modules/CheckFunctionExists.c
Linking C executable cmTC_155fe
/usr/local/bin/cmake -E cmake_link_script CMakeFiles/cmTC_155fe.dir/link.txt --verbose=1
/usr/bin/cc  -DCHECK_FUNCTION_EXISTS=pthread_create    -rdynamic CMakeFiles/cmTC_155fe.dir/CheckFunctionExists.c.o  -o cmTC_155fe -lpthreads 
/usr/bin/ld: cannot find -lpthreads
collect2: error: ld returned 1 exit status
CMakeFiles/cmTC_155fe.dir/build.make:86: recipe for target 'cmTC_155fe' failed
make[1]: *** [cmTC_155fe] Error 1
make[1]: Leaving directory '/home/workspace/CarND-Capstone/ros/build/CMakeFiles/CMakeTmp'
Makefile:121: recipe for target 'cmTC_155fe/fast' failed
make: *** [cmTC_155fe/fast] Error 2


